# JRE version: OpenJDK Runtime Environment (8.0_212-b04) (build 1.8.0_212-release-1586-b04)
# Java VM: OpenJDK 64-Bit Server VM (25.212-b04 mixed mode windows-amd64 compressed oops)
Heap:
 PSYoungGen      total 156672K, used 59338K [0x00000000f5580000, 0x0000000100000000, 0x0000000100000000)
  eden space 151040K, 35% used [0x00000000f5580000,0x00000000f89fa268,0x00000000fe900000)
  from space 5632K, 99% used [0x00000000ff880000,0x00000000ffdf8658,0x00000000ffe00000)
  to   space 11776K, 0% used [0x00000000fe900000,0x00000000fe900000,0x00000000ff480000)
 ParOldGen       total 235520K, used 41005K [0x00000000e0000000, 0x00000000ee600000, 0x00000000f5580000)
  object space 235520K, 17% used [0x00000000e0000000,0x00000000e280b780,0x00000000ee600000)
 Metaspace       used 66851K, capacity 69683K, committed 69848K, reserved 1110016K
  class space    used 8482K, capacity 9138K, committed 9216K, reserved 1048576K
GC Heap History (10 events):
Event: 92.796 GC heap before
{Heap before GC invocations=61 (full 2):
 PSYoungGen      total 165888K, used 158976K [0x00000000f5580000, 0x00000000ffe80000, 0x0000000100000000)
  eden space 158720K, 100% used [0x00000000f5580000,0x00000000ff080000,0x00000000ff080000)
  from space 7168K, 3% used [0x00000000ff780000,0x00000000ff7c0000,0x00000000ffe80000)
  to   space 7168K, 0% used [0x00000000ff080000,0x00000000ff080000,0x00000000ff780000)
 ParOldGen       total 175104K, used 80770K [0x00000000e0000000, 0x00000000eab00000, 0x00000000f5580000)
  object space 175104K, 46% used [0x00000000e0000000,0x00000000e4ee0a48,0x00000000eab00000)
 Metaspace       used 51613K, capacity 53793K, committed 53888K, reserved 1095680K
  class space    used 6527K, capacity 7002K, committed 7040K, reserved 1048576K
Event: 92.799 GC heap after
Heap after GC invocations=61 (full 2):
 PSYoungGen      total 165888K, used 1376K [0x00000000f5580000, 0x0000000100000000, 0x0000000100000000)
  eden space 158720K, 0% used [0x00000000f5580000,0x00000000f5580000,0x00000000ff080000)
  from space 7168K, 19% used [0x00000000ff080000,0x00000000ff1d8000,0x00000000ff780000)
  to   space 7168K, 0% used [0x00000000ff900000,0x00000000ff900000,0x0000000100000000)
 ParOldGen       total 175104K, used 80818K [0x00000000e0000000, 0x00000000eab00000, 0x00000000f5580000)
  object space 175104K, 46% used [0x00000000e0000000,0x00000000e4eeca48,0x00000000eab00000)
 Metaspace       used 51613K, capacity 53793K, committed 53888K, reserved 1095680K
  class space    used 6527K, capacity 7002K, committed 7040K, reserved 1048576K
}
Event: 93.990 GC heap before
{Heap before GC invocations=62 (full 2):
 PSYoungGen      total 165888K, used 160096K [0x00000000f5580000, 0x0000000100000000, 0x0000000100000000)
  eden space 158720K, 100% used [0x00000000f5580000,0x00000000ff080000,0x00000000ff080000)
  from space 7168K, 19% used [0x00000000ff080000,0x00000000ff1d8000,0x00000000ff780000)
  to   space 7168K, 0% used [0x00000000ff900000,0x00000000ff900000,0x0000000100000000)
 ParOldGen       total 175104K, used 80818K [0x00000000e0000000, 0x00000000eab00000, 0x00000000f5580000)
  object space 175104K, 46% used [0x00000000e0000000,0x00000000e4eeca48,0x00000000eab00000)
 Metaspace       used 51614K, capacity 53793K, committed 53888K, reserved 1095680K
  class space    used 6527K, capacity 7002K, committed 7040K, reserved 1048576K
Event: 93.993 GC heap after
Heap after GC invocations=62 (full 2):
 PSYoungGen      total 166400K, used 320K [0x00000000f5580000, 0x00000000fff00000, 0x0000000100000000)
  eden space 160256K, 0% used [0x00000000f5580000,0x00000000f5580000,0x00000000ff200000)
  from space 6144K, 5% used [0x00000000ff900000,0x00000000ff950000,0x00000000fff00000)
  to   space 6656K, 0% used [0x00000000ff200000,0x00000000ff200000,0x00000000ff880000)
 ParOldGen       total 175104K, used 80818K [0x00000000e0000000, 0x00000000eab00000, 0x00000000f5580000)
  object space 175104K, 46% used [0x00000000e0000000,0x00000000e4eeca48,0x00000000eab00000)
 Metaspace       used 51614K, capacity 53793K, committed 53888K, reserved 1095680K
  class space    used 6527K, capacity 7002K, committed 7040K, reserved 1048576K
}
Event: 96.001 GC heap before
{Heap before GC invocations=63 (full 2):
 PSYoungGen      total 166400K, used 81821K [0x00000000f5580000, 0x00000000fff00000, 0x0000000100000000)
  eden space 160256K, 50% used [0x00000000f5580000,0x00000000fa5177a0,0x00000000ff200000)
  from space 6144K, 5% used [0x00000000ff900000,0x00000000ff950000,0x00000000fff00000)
  to   space 6656K, 0% used [0x00000000ff200000,0x00000000ff200000,0x00000000ff880000)
 ParOldGen       total 175104K, used 80818K [0x00000000e0000000, 0x00000000eab00000, 0x00000000f5580000)
  object space 175104K, 46% used [0x00000000e0000000,0x00000000e4eeca48,0x00000000eab00000)
 Metaspace       used 56421K, capacity 58865K, committed 59096K, reserved 1101824K
  class space    used 7093K, capacity 7663K, committed 7680K, reserved 1048576K
Event: 96.010 GC heap after
Heap after GC invocations=63 (full 2):
 PSYoungGen      total 162816K, used 6401K [0x00000000f5580000, 0x00000000ffe00000, 0x0000000100000000)
  eden space 156160K, 0% used [0x00000000f5580000,0x00000000f5580000,0x00000000fee00000)
  from space 6656K, 96% used [0x00000000ff200000,0x00000000ff8405a0,0x00000000ff880000)
  to   space 5632K, 0% used [0x00000000ff880000,0x00000000ff880000,0x00000000ffe00000)
 ParOldGen       total 175104K, used 80826K [0x00000000e0000000, 0x00000000eab00000, 0x00000000f5580000)
  object space 175104K, 46% used [0x00000000e0000000,0x00000000e4eeea48,0x00000000eab00000)
 Metaspace       used 56421K, capacity 58865K, committed 59096K, reserved 1101824K
  class space    used 7093K, capacity 7663K, committed 7680K, reserved 1048576K
}
Event: 96.011 GC heap before
{Heap before GC invocations=64 (full 3):
 PSYoungGen      total 162816K, used 6401K [0x00000000f5580000, 0x00000000ffe00000, 0x0000000100000000)
  eden space 156160K, 0% used [0x00000000f5580000,0x00000000f5580000,0x00000000fee00000)
  from space 6656K, 96% used [0x00000000ff200000,0x00000000ff8405a0,0x00000000ff880000)
  to   space 5632K, 0% used [0x00000000ff880000,0x00000000ff880000,0x00000000ffe00000)
 ParOldGen       total 175104K, used 80826K [0x00000000e0000000, 0x00000000eab00000, 0x00000000f5580000)
  object space 175104K, 46% used [0x00000000e0000000,0x00000000e4eeea48,0x00000000eab00000)
 Metaspace       used 56421K, capacity 58865K, committed 59096K, reserved 1101824K
  class space    used 7093K, capacity 7663K, committed 7680K, reserved 1048576K
Event: 96.336 GC heap after
Heap after GC invocations=64 (full 3):
 PSYoungGen      total 162816K, used 0K [0x00000000f5580000, 0x00000000ffe00000, 0x0000000100000000)
  eden space 156160K, 0% used [0x00000000f5580000,0x00000000f5580000,0x00000000fee00000)
  from space 6656K, 0% used [0x00000000ff200000,0x00000000ff200000,0x00000000ff880000)
  to   space 5632K, 0% used [0x00000000ff880000,0x00000000ff880000,0x00000000ffe00000)
 ParOldGen       total 235520K, used 32670K [0x00000000e0000000, 0x00000000ee600000, 0x00000000f5580000)
  object space 235520K, 13% used [0x00000000e0000000,0x00000000e1fe7978,0x00000000ee600000)
 Metaspace       used 56134K, capacity 58301K, committed 59096K, reserved 1101824K
  class space    used 7025K, capacity 7519K, committed 7680K, reserved 1048576K
}
Event: 100.133 GC heap before
{Heap before GC invocations=65 (full 3):
 PSYoungGen      total 162816K, used 156160K [0x00000000f5580000, 0x00000000ffe00000, 0x0000000100000000)
  eden space 156160K, 100% used [0x00000000f5580000,0x00000000fee00000,0x00000000fee00000)
  from space 6656K, 0% used [0x00000000ff200000,0x00000000ff200000,0x00000000ff880000)
  to   space 5632K, 0% used [0x00000000ff880000,0x00000000ff880000,0x00000000ffe00000)
 ParOldGen       total 235520K, used 32670K [0x00000000e0000000, 0x00000000ee600000, 0x00000000f5580000)
  object space 235520K, 13% used [0x00000000e0000000,0x00000000e1fe7978,0x00000000ee600000)
 Metaspace       used 64709K, capacity 67317K, committed 67416K, reserved 1107968K
  class space    used 8169K, capacity 8793K, committed 8832K, reserved 1048576K
Event: 100.146 GC heap after
Heap after GC invocations=65 (full 3):
 PSYoungGen      total 156672K, used 5601K [0x00000000f5580000, 0x0000000100000000, 0x0000000100000000)
  eden space 151040K, 0% used [0x00000000f5580000,0x00000000f5580000,0x00000000fe900000)
  from space 5632K, 99% used [0x00000000ff880000,0x00000000ffdf8658,0x00000000ffe00000)
  to   space 11776K, 0% used [0x00000000fe900000,0x00000000fe900000,0x00000000ff480000)
 ParOldGen       total 235520K, used 41005K [0x00000000e0000000, 0x00000000ee600000, 0x00000000f5580000)
  object space 235520K, 17% used [0x00000000e0000000,0x00000000e280b780,0x00000000ee600000)
 Metaspace       used 64709K, capacity 67317K, committed 67416K, reserved 1107968K
  class space    used 8169K, capacity 8793K, committed 8832K, reserved 1048576K
}

